Device = cpu
Preparing ModelNet10 loaders...

--- Model architecture ---
PointNetClassifier(
  (backbone): PointNetBackbone(
    (mlp): Sequential(
      (0): Linear(in_features=3, out_features=64, bias=True)
      (1): ReLU()
      (2): Linear(in_features=64, out_features=128, bias=True)
      (3): ReLU()
      (4): Linear(in_features=128, out_features=64, bias=True)
    )
  )
  (lma): LMAInitialTransform(
    (proj): Linear(in_features=64, out_features=32, bias=False)
  )
  (blocks): ModuleList(
    (0-1): 2 x TransformerBlock(
      (attn): MultiheadAttention(
        (out_proj): NonDynamicallyQuantizableLinear(in_features=32, out_features=32, bias=True)
      )
      (ff): Sequential(
        (0): Linear(in_features=32, out_features=128, bias=True)
        (1): ReLU()
        (2): Linear(in_features=128, out_features=32, bias=True)
      )
      (ln1): LayerNorm((32,), eps=1e-05, elementwise_affine=True)
      (ln2): LayerNorm((32,), eps=1e-05, elementwise_affine=True)
      (drop): Dropout(p=0.1, inplace=False)
    )
  )
  (pool): AdaptiveMaxPool1d(output_size=1)
  (head): Linear(in_features=32, out_features=10, bias=True)
)
--- End of model architecture ---

[ptflops]  MACs (≅FLOPs): 5.98 GMac    |   Params: 44.62 k
/Users/sohamsane/Documents/Coding Projects/PointNet/.venv/lib/python3.12/site-packages/torch/utils/data/dataloader.py:683: UserWarning: 'pin_memory' argument is set as true but not supported on MPS now, then device pinned memory won't be used.
  warnings.warn(warn_msg)
Epoch 001/10  train  loss 1.5604  acc 0.497 | val loss 1.2106  acc 0.576   [24.1s]
Epoch 002/10  train  loss 1.0112  acc 0.691 | val loss 0.8761  acc 0.702   [24.4s]
Epoch 003/10  train  loss 0.7792  acc 0.748 | val loss 0.8174  acc 0.709   [23.8s]
Epoch 004/10  train  loss 0.6778  acc 0.771 | val loss 0.5817  acc 0.815   [23.5s]
Epoch 005/10  train  loss 0.6021  acc 0.803 | val loss 0.5403  acc 0.812   [23.3s]
Epoch 006/10  train  loss 0.5627  acc 0.810 | val loss 0.6212  acc 0.777   [23.3s]
Epoch 007/10  train  loss 0.5258  acc 0.817 | val loss 0.5173  acc 0.830   [23.5s]
Epoch 008/10  train  loss 0.4852  acc 0.832 | val loss 0.4443  acc 0.837   [23.8s]
Epoch 009/10  train  loss 0.4625  acc 0.840 | val loss 0.4022  acc 0.860   [23.4s]
Epoch 010/10  train  loss 0.4466  acc 0.849 | val loss 0.4646  acc 0.850   [23.5s]

TEST  accuracy: 80.396%  (loss 0.6144)
Best validation accuracy seen: 0.8596491228070176