Device = cpu
Preparing ModelNet10 loaders...

--- Model architecture ---
PointNetClassifier(
  (backbone): PointNetBackbone(
    (mlp): Sequential(
      (0): Linear(in_features=3, out_features=64, bias=True)
      (1): ReLU()
      (2): Linear(in_features=64, out_features=128, bias=True)
      (3): ReLU()
      (4): Linear(in_features=128, out_features=64, bias=True)
    )
  )
  (blocks): ModuleList(
    (0-1): 2 x TransformerBlock(
      (attn): MultiheadAttention(
        (out_proj): NonDynamicallyQuantizableLinear(in_features=64, out_features=64, bias=True)
      )
      (ff): Sequential(
        (0): Linear(in_features=64, out_features=128, bias=True)
        (1): ReLU()
        (2): Linear(in_features=128, out_features=64, bias=True)
      )
      (ln1): LayerNorm((64,), eps=1e-05, elementwise_affine=True)
      (ln2): LayerNorm((64,), eps=1e-05, elementwise_affine=True)
      (drop): Dropout(p=0.1, inplace=False)
    )
  )
  (pool): AdaptiveMaxPool1d(output_size=1)
  (head): Linear(in_features=64, out_features=10, bias=True)
)
--- End of model architecture ---

[ptflops]  MACs (≅FLOPs): 11.5 GMac    |   Params: 84.43 k
/Users/sohamsane/Documents/Coding Projects/PointNet/.venv/lib/python3.12/site-packages/torch/utils/data/dataloader.py:683: UserWarning: 'pin_memory' argument is set as true but not supported on MPS now, then device pinned memory won't be used.
  warnings.warn(warn_msg)
Epoch 001/10  train  loss 1.4792  acc 0.531 | val loss 0.9494  acc 0.717   [32.8s]
Epoch 002/10  train  loss 0.7762  acc 0.763 | val loss 0.5822  acc 0.815   [31.7s]
Epoch 003/10  train  loss 0.5891  acc 0.810 | val loss 0.5082  acc 0.850   [33.8s]
Epoch 004/10  train  loss 0.4881  acc 0.836 | val loss 0.4284  acc 0.862   [32.8s]
Epoch 005/10  train  loss 0.4170  acc 0.856 | val loss 0.3598  acc 0.867   [34.3s]
Epoch 006/10  train  loss 0.3841  acc 0.868 | val loss 0.4058  acc 0.855   [33.5s]
Epoch 007/10  train  loss 0.3490  acc 0.874 | val loss 0.3211  acc 0.892   [33.1s]
Epoch 008/10  train  loss 0.3265  acc 0.888 | val loss 0.3531  acc 0.870   [34.3s]
Epoch 009/10  train  loss 0.2903  acc 0.901 | val loss 0.3047  acc 0.897   [34.0s]
Epoch 010/10  train  loss 0.2696  acc 0.905 | val loss 0.3869  acc 0.867   [34.6s]

TEST  accuracy: 81.388%  (loss 0.5467)
Best validation accuracy seen: 0.8972431077694235